  main.cpp
C:\Users\nino\Downloads\Mercury-External-main\Mercury-External-main\SDK\sdk.h(178,20): warning C4244: 'return': conversion from 'double' to 'float', possible loss of data
  (compiling source file 'main.cpp')
  
C:\Users\nino\Downloads\Mercury-External-main\Mercury-External-main\SDK\sdk.h(189,48): warning C4244: 'argument': conversion from 'double' to 'T', possible loss of data
C:\Users\nino\Downloads\Mercury-External-main\Mercury-External-main\SDK\sdk.h(189,48): warning C4244:         with
C:\Users\nino\Downloads\Mercury-External-main\Mercury-External-main\SDK\sdk.h(189,48): warning C4244:         [
C:\Users\nino\Downloads\Mercury-External-main\Mercury-External-main\SDK\sdk.h(189,48): warning C4244:             T=float
C:\Users\nino\Downloads\Mercury-External-main\Mercury-External-main\SDK\sdk.h(189,48): warning C4244:         ]
  (compiling source file 'main.cpp')
  
C:\Users\nino\Downloads\Mercury-External-main\Mercury-External-main\Hacks\esp.h(197,60): warning C4244: 'argument': conversion from 'LONG' to 'float', possible loss of data
  (compiling source file 'main.cpp')
  
C:\Users\nino\Downloads\Mercury-External-main\Mercury-External-main\Hacks\esp.h(197,51): warning C4244: 'argument': conversion from 'LONG' to 'float', possible loss of data
  (compiling source file 'main.cpp')
  
C:\Users\nino\Downloads\Mercury-External-main\Mercury-External-main\Hacks\esp.h(198,56): warning C4244: 'argument': conversion from 'LONG' to 'float', possible loss of data
  (compiling source file 'main.cpp')
  
C:\Users\nino\Downloads\Mercury-External-main\Mercury-External-main\Hacks\esp.h(198,47): warning C4244: 'argument': conversion from 'LONG' to 'float', possible loss of data
  (compiling source file 'main.cpp')
  
C:\Users\nino\Downloads\Mercury-External-main\Mercury-External-main\Hacks\aimbot.h(176,73): warning C4305: 'argument': truncation from 'double' to 'const _Ty'
C:\Users\nino\Downloads\Mercury-External-main\Mercury-External-main\Hacks\aimbot.h(176,73): warning C4305:         with
C:\Users\nino\Downloads\Mercury-External-main\Mercury-External-main\Hacks\aimbot.h(176,73): warning C4305:         [
C:\Users\nino\Downloads\Mercury-External-main\Mercury-External-main\Hacks\aimbot.h(176,73): warning C4305:             _Ty=float
C:\Users\nino\Downloads\Mercury-External-main\Mercury-External-main\Hacks\aimbot.h(176,73): warning C4305:         ]
  (compiling source file 'main.cpp')
  
C:\Users\nino\Downloads\Mercury-External-main\Mercury-External-main\Hacks\aimbot.h(271,42): warning C4244: 'argument': conversion from 'LONG' to 'float', possible loss of data
  (compiling source file 'main.cpp')
  
C:\Users\nino\Downloads\Mercury-External-main\Mercury-External-main\Hacks\aimbot.h(271,37): warning C4244: 'argument': conversion from 'LONG' to 'float', possible loss of data
  (compiling source file 'main.cpp')
  
C:\Users\nino\Downloads\Mercury-External-main\Mercury-External-main\Hacks\aimbot.h(272,48): warning C4244: 'argument': conversion from 'LONG' to 'float', possible loss of data
  (compiling source file 'main.cpp')
  
C:\Users\nino\Downloads\Mercury-External-main\Mercury-External-main\Hacks\aimbot.h(272,43): warning C4244: 'argument': conversion from 'LONG' to 'float', possible loss of data
  (compiling source file 'main.cpp')
  
C:\Users\nino\Downloads\Mercury-External-main\Mercury-External-main\Renderer\renderer.h(110,33): warning C4267: 'argument': conversion from 'size_t' to 'int', possible loss of data
  (compiling source file 'main.cpp')
  
C:\Users\nino\Downloads\Mercury-External-main\Mercury-External-main\Renderer\renderer.h(110,21): warning C4267: 'argument': conversion from 'size_t' to 'int', possible loss of data
  (compiling source file 'main.cpp')
  
C:\Users\nino\Downloads\Mercury-External-main\Mercury-External-main\Renderer\renderer.h(284,121): warning C4390: ';': empty controlled statement found; is this the intent?
  (compiling source file 'main.cpp')
  
  Generating code
  4 of 4739 functions (<0.1%) were compiled, the rest were copied from previous compilation.
    0 functions were new in current compilation
    94 functions had inline decision re-evaluated but remain unchanged
  Finished generating code
  source_stackz.vcxproj -> C:\Users\nino\Downloads\Mercury-External-main\Mercury-External-main\x64\Release\source_stackz.exe
  'pwsh.exe' is not recognized as an internal or external command,
  operable program or batch file.
